This file contains any messages produced by compilers while
running configure, to aid debugging if configure makes a mistake.

It was created by Hello module for TinyMUSH 3.3 configure 1.1.0.0, which was
generated by GNU Autoconf 2.69.  Invocation command line was

  $ ./configure --with-api-include=../../

## --------- ##
## Platform. ##
## --------- ##

hostname = studio.home.beaupre.biz
uname -m = amd64
uname -r = 9.1-PRERELEASE
uname -s = FreeBSD
uname -v = FreeBSD 9.1-PRERELEASE #5: Sun Sep 16 00:26:32 EDT 2012     root@studio.home.beaupre.biz:/usr/obj/usr/src/sys/STUDIO 

/usr/bin/uname -p = amd64
/bin/uname -X     = unknown

/bin/arch              = unknown
/usr/bin/arch -k       = unknown
/usr/convex/getsysinfo = unknown
/usr/bin/hostinfo      = unknown
/bin/machine           = unknown
/usr/bin/oslevel       = unknown
/bin/universe          = unknown

PATH: /sbin
PATH: /bin
PATH: /usr/sbin
PATH: /usr/bin
PATH: /usr/games
PATH: /usr/local/sbin
PATH: /usr/local/bin
PATH: /home/tuh/bin


## ----------- ##
## Core tests. ##
## ----------- ##

configure:2410: checking build system type
configure:2424: result: amd64-unknown-freebsd9.1
configure:2444: checking host system type
configure:2457: result: amd64-unknown-freebsd9.1
configure:2498: checking how to print strings
configure:2525: result: printf
configure:2594: checking for gcc
configure:2610: found /usr/bin/gcc
configure:2621: result: gcc
configure:2850: checking for C compiler version
configure:2859: gcc --version >&5
gcc (GCC) 4.2.1 20070831 patched [FreeBSD]
Copyright (C) 2007 Free Software Foundation, Inc.
This is free software; see the source for copying conditions.  There is NO
warranty; not even for MERCHANTABILITY or FITNESS FOR A PARTICULAR PURPOSE.

configure:2870: $? = 0
configure:2859: gcc -v >&5
Using built-in specs.
Target: amd64-undermydesk-freebsd
Configured with: FreeBSD/amd64 system compiler
Thread model: posix
gcc version 4.2.1 20070831 patched [FreeBSD]
configure:2870: $? = 0
configure:2859: gcc -V >&5
gcc: '-V' option must have argument
configure:2870: $? = 1
configure:2859: gcc -qversion >&5
gcc: unrecognized option '-qversion'
gcc: No input files specified
configure:2870: $? = 1
configure:2890: checking whether the C compiler works
configure:2912: gcc    conftest.c  >&5
configure:2916: $? = 0
configure:2964: result: yes
configure:2967: checking for C compiler default output file name
configure:2969: result: a.out
configure:2975: checking for suffix of executables
configure:2982: gcc -o conftest    conftest.c  >&5
configure:2986: $? = 0
configure:3008: result: 
configure:3030: checking whether we are cross compiling
configure:3038: gcc -o conftest    conftest.c  >&5
configure:3042: $? = 0
configure:3049: ./conftest
configure:3053: $? = 0
configure:3068: result: no
configure:3073: checking for suffix of object files
configure:3095: gcc -c   conftest.c >&5
configure:3099: $? = 0
configure:3120: result: o
configure:3124: checking whether we are using the GNU C compiler
configure:3143: gcc -c   conftest.c >&5
configure:3143: $? = 0
configure:3152: result: yes
configure:3161: checking whether gcc accepts -g
configure:3181: gcc -c -g  conftest.c >&5
configure:3181: $? = 0
configure:3222: result: yes
configure:3239: checking for gcc option to accept ISO C89
configure:3302: gcc  -c -g -O2  conftest.c >&5
configure:3302: $? = 0
configure:3315: result: none needed
configure:3335: checking for a sed that does not truncate output
configure:3399: result: /usr/bin/sed
configure:3417: checking for grep that handles long lines and -e
configure:3475: result: /usr/bin/grep
configure:3480: checking for egrep
configure:3542: result: /usr/bin/grep -E
configure:3547: checking for fgrep
configure:3609: result: /usr/bin/grep -F
configure:3644: checking for ld used by gcc
configure:3711: result: /usr/bin/ld
configure:3718: checking if the linker (/usr/bin/ld) is GNU ld
configure:3733: result: yes
configure:3745: checking for BSD- or MS-compatible name lister (nm)
configure:3794: result: /usr/bin/nm -B
configure:3924: checking the name lister (/usr/bin/nm -B) interface
configure:3931: gcc -c -g -O2  conftest.c >&5
configure:3934: /usr/bin/nm -B "conftest.o"
configure:3937: output
0000000000000000 B some_variable
configure:3944: result: BSD nm
configure:3947: checking whether ln -s works
configure:3951: result: yes
configure:3959: checking the maximum length of command line arguments
configure:4089: result: 196608
configure:4106: checking whether the shell understands some XSI constructs
configure:4116: result: yes
configure:4120: checking whether the shell understands "+="
configure:4126: result: no
configure:4161: checking how to convert amd64-unknown-freebsd9.1 file names to amd64-unknown-freebsd9.1 format
configure:4201: result: func_convert_file_noop
configure:4208: checking how to convert amd64-unknown-freebsd9.1 file names to toolchain format
configure:4228: result: func_convert_file_noop
configure:4235: checking for /usr/bin/ld option to reload object files
configure:4242: result: -r
configure:4316: checking for objdump
configure:4332: found /usr/bin/objdump
configure:4343: result: objdump
configure:4375: checking how to recognize dependent libraries
configure:4577: result: pass_all
configure:4662: checking for dlltool
configure:4692: result: no
configure:4722: checking how to associate runtime and link libraries
configure:4749: result: printf %s\n
configure:4810: checking for ar
configure:4826: found /usr/bin/ar
configure:4837: result: ar
configure:4874: checking for archiver @FILE support
configure:4891: gcc -c -g -O2  conftest.c >&5
configure:4891: $? = 0
configure:4894: ar cru libconftest.a @conftest.lst >&5
ar: warning: can't open file: @conftest.lst: No such file or directory
configure:4897: $? = 0
configure:4902: ar cru libconftest.a @conftest.lst >&5
ar: warning: can't open file: @conftest.lst: No such file or directory
configure:4905: $? = 0
configure:4917: result: no
configure:4975: checking for strip
configure:4991: found /usr/bin/strip
configure:5002: result: strip
configure:5074: checking for ranlib
configure:5090: found /usr/bin/ranlib
configure:5101: result: ranlib
configure:5178: checking for gawk
configure:5194: found /usr/local/bin/gawk
configure:5205: result: gawk
configure:5245: checking command to parse /usr/bin/nm -B output from gcc object
configure:5365: gcc -c -g -O2  conftest.c >&5
configure:5368: $? = 0
configure:5372: /usr/bin/nm -B conftest.o \| sed -n -e 's/^.*[ ]\([ABCDGIRSTW][ABCDGIRSTW]*\)[ ][ ]*\([_A-Za-z][_A-Za-z0-9]*\)$/\1 \2 \2/p' | sed '/ __gnu_lto/d' \> conftest.nm
configure:5375: $? = 0
configure:5441: gcc -o conftest -g -O2   conftest.c conftstm.o >&5
configure:5444: $? = 0
configure:5482: result: ok
configure:5519: checking for sysroot
configure:5549: result: no
configure:5805: checking for mt
configure:5821: found /usr/bin/mt
configure:5832: result: mt
configure:5855: checking if mt is a manifest tool
configure:5861: mt '-?'
mt: illegal option -- ?
usage: mt [-f device] command [count]
configure:5869: result: no
configure:6511: checking how to run the C preprocessor
configure:6542: gcc -E  conftest.c
configure:6542: $? = 0
configure:6556: gcc -E  conftest.c
conftest.c:9:28: error: ac_nonexistent.h: No such file or directory
configure:6556: $? = 1
configure: failed program was:
| /* confdefs.h */
| #define PACKAGE_NAME "Hello module for TinyMUSH 3.3"
| #define PACKAGE_TARNAME "hello-module-for-tinymush-3-3"
| #define PACKAGE_VERSION "1.1.0.0"
| #define PACKAGE_STRING "Hello module for TinyMUSH 3.3 1.1.0.0"
| #define PACKAGE_BUGREPORT "tinymush-support@list.sourceforge.net"
| #define PACKAGE_URL ""
| /* end confdefs.h.  */
| #include <ac_nonexistent.h>
configure:6581: result: gcc -E
configure:6601: gcc -E  conftest.c
configure:6601: $? = 0
configure:6615: gcc -E  conftest.c
conftest.c:9:28: error: ac_nonexistent.h: No such file or directory
configure:6615: $? = 1
configure: failed program was:
| /* confdefs.h */
| #define PACKAGE_NAME "Hello module for TinyMUSH 3.3"
| #define PACKAGE_TARNAME "hello-module-for-tinymush-3-3"
| #define PACKAGE_VERSION "1.1.0.0"
| #define PACKAGE_STRING "Hello module for TinyMUSH 3.3 1.1.0.0"
| #define PACKAGE_BUGREPORT "tinymush-support@list.sourceforge.net"
| #define PACKAGE_URL ""
| /* end confdefs.h.  */
| #include <ac_nonexistent.h>
configure:6644: checking for ANSI C header files
configure:6664: gcc -c -g -O2  conftest.c >&5
configure:6664: $? = 0
configure:6737: gcc -o conftest -g -O2   conftest.c  >&5
configure:6737: $? = 0
configure:6737: ./conftest
configure:6737: $? = 0
configure:6748: result: yes
configure:6761: checking for sys/types.h
configure:6761: gcc -c -g -O2  conftest.c >&5
configure:6761: $? = 0
configure:6761: result: yes
configure:6761: checking for sys/stat.h
configure:6761: gcc -c -g -O2  conftest.c >&5
configure:6761: $? = 0
configure:6761: result: yes
configure:6761: checking for stdlib.h
configure:6761: gcc -c -g -O2  conftest.c >&5
configure:6761: $? = 0
configure:6761: result: yes
configure:6761: checking for string.h
configure:6761: gcc -c -g -O2  conftest.c >&5
configure:6761: $? = 0
configure:6761: result: yes
configure:6761: checking for memory.h
configure:6761: gcc -c -g -O2  conftest.c >&5
configure:6761: $? = 0
configure:6761: result: yes
configure:6761: checking for strings.h
configure:6761: gcc -c -g -O2  conftest.c >&5
configure:6761: $? = 0
configure:6761: result: yes
configure:6761: checking for inttypes.h
configure:6761: gcc -c -g -O2  conftest.c >&5
configure:6761: $? = 0
configure:6761: result: yes
configure:6761: checking for stdint.h
configure:6761: gcc -c -g -O2  conftest.c >&5
configure:6761: $? = 0
configure:6761: result: yes
configure:6761: checking for unistd.h
configure:6761: gcc -c -g -O2  conftest.c >&5
configure:6761: $? = 0
configure:6761: result: yes
configure:6775: checking for dlfcn.h
configure:6775: gcc -c -g -O2  conftest.c >&5
configure:6775: $? = 0
configure:6775: result: yes
configure:6980: checking for objdir
configure:6995: result: .libs
configure:7266: checking if gcc supports -fno-rtti -fno-exceptions
configure:7284: gcc -c -g -O2  -fno-rtti -fno-exceptions conftest.c >&5
cc1: warning: command line option "-fno-rtti" is valid for C++/ObjC++ but not for C
configure:7288: $? = 0
configure:7301: result: no
configure:7628: checking for gcc option to produce PIC
configure:7635: result: -fPIC -DPIC
configure:7643: checking if gcc PIC flag -fPIC -DPIC works
configure:7661: gcc -c -g -O2  -fPIC -DPIC -DPIC conftest.c >&5
configure:7665: $? = 0
configure:7678: result: yes
configure:7707: checking if gcc static flag -static works
configure:7735: result: yes
configure:7750: checking if gcc supports -c -o file.o
configure:7771: gcc -c -g -O2  -o out/conftest2.o conftest.c >&5
configure:7775: $? = 0
configure:7797: result: yes
configure:7805: checking if gcc supports -c -o file.o
configure:7852: result: yes
configure:7885: checking whether the gcc linker (/usr/bin/ld) supports shared libraries
configure:9038: result: yes
configure:9075: checking whether -lc should be explicitly linked in
configure:9083: gcc -c -g -O2  conftest.c >&5
configure:9086: $? = 0
configure:9101: gcc -shared  -fPIC -DPIC conftest.o  -v -Wl,-soname -Wl,conftest -o conftest 2\>\&1 \| /usr/bin/grep  -lc  \>/dev/null 2\>\&1
configure:9104: $? = 0
configure:9118: result: no
configure:9278: checking dynamic linker characteristics
configure:10011: result: freebsd9.1 ld.so
configure:10118: checking how to hardcode library paths into programs
configure:10143: result: immediate
configure:10237: checking for shl_load
configure:10237: gcc -o conftest -g -O2   conftest.c  >&5
/tmp//ccPlPmqv.o: In function `main':
/home/tuh/tinymush-code/src/modules/hello/conftest.c:55: undefined reference to `shl_load'
configure:10237: $? = 1
configure: failed program was:
| /* confdefs.h */
| #define PACKAGE_NAME "Hello module for TinyMUSH 3.3"
| #define PACKAGE_TARNAME "hello-module-for-tinymush-3-3"
| #define PACKAGE_VERSION "1.1.0.0"
| #define PACKAGE_STRING "Hello module for TinyMUSH 3.3 1.1.0.0"
| #define PACKAGE_BUGREPORT "tinymush-support@list.sourceforge.net"
| #define PACKAGE_URL ""
| #define STDC_HEADERS 1
| #define HAVE_SYS_TYPES_H 1
| #define HAVE_SYS_STAT_H 1
| #define HAVE_STDLIB_H 1
| #define HAVE_STRING_H 1
| #define HAVE_MEMORY_H 1
| #define HAVE_STRINGS_H 1
| #define HAVE_INTTYPES_H 1
| #define HAVE_STDINT_H 1
| #define HAVE_UNISTD_H 1
| #define HAVE_DLFCN_H 1
| #define LT_OBJDIR ".libs/"
| /* end confdefs.h.  */
| /* Define shl_load to an innocuous variant, in case <limits.h> declares shl_load.
|    For example, HP-UX 11i <limits.h> declares gettimeofday.  */
| #define shl_load innocuous_shl_load
| 
| /* System header to define __stub macros and hopefully few prototypes,
|     which can conflict with char shl_load (); below.
|     Prefer <limits.h> to <assert.h> if __STDC__ is defined, since
|     <limits.h> exists even on freestanding compilers.  */
| 
| #ifdef __STDC__
| # include <limits.h>
| #else
| # include <assert.h>
| #endif
| 
| #undef shl_load
| 
| /* Override any GCC internal prototype to avoid an error.
|    Use char because int might match the return type of a GCC
|    builtin and then its argument prototype would still apply.  */
| #ifdef __cplusplus
| extern "C"
| #endif
| char shl_load ();
| /* The GNU C library defines this for functions which it implements
|     to always fail with ENOSYS.  Some functions are actually named
|     something starting with __ and the normal name is an alias.  */
| #if defined __stub_shl_load || defined __stub___shl_load
| choke me
| #endif
| 
| int
| main ()
| {
| return shl_load ();
|   ;
|   return 0;
| }
configure:10237: result: no
configure:10241: checking for shl_load in -ldld
configure:10266: gcc -o conftest -g -O2   conftest.c -ldld   >&5
/usr/bin/ld: cannot find -ldld
configure:10266: $? = 1
configure: failed program was:
| /* confdefs.h */
| #define PACKAGE_NAME "Hello module for TinyMUSH 3.3"
| #define PACKAGE_TARNAME "hello-module-for-tinymush-3-3"
| #define PACKAGE_VERSION "1.1.0.0"
| #define PACKAGE_STRING "Hello module for TinyMUSH 3.3 1.1.0.0"
| #define PACKAGE_BUGREPORT "tinymush-support@list.sourceforge.net"
| #define PACKAGE_URL ""
| #define STDC_HEADERS 1
| #define HAVE_SYS_TYPES_H 1
| #define HAVE_SYS_STAT_H 1
| #define HAVE_STDLIB_H 1
| #define HAVE_STRING_H 1
| #define HAVE_MEMORY_H 1
| #define HAVE_STRINGS_H 1
| #define HAVE_INTTYPES_H 1
| #define HAVE_STDINT_H 1
| #define HAVE_UNISTD_H 1
| #define HAVE_DLFCN_H 1
| #define LT_OBJDIR ".libs/"
| /* end confdefs.h.  */
| 
| /* Override any GCC internal prototype to avoid an error.
|    Use char because int might match the return type of a GCC
|    builtin and then its argument prototype would still apply.  */
| #ifdef __cplusplus
| extern "C"
| #endif
| char shl_load ();
| int
| main ()
| {
| return shl_load ();
|   ;
|   return 0;
| }
configure:10275: result: no
configure:10280: checking for dlopen
configure:10280: gcc -o conftest -g -O2   conftest.c  >&5
configure:10280: $? = 0
configure:10280: result: yes
configure:10437: checking whether a program can dlopen itself
configure:10517: gcc -o conftest -g -O2  -DHAVE_DLFCN_H  -Wl,--export-dynamic conftest.c   >&5
configure:10520: $? = 0
configure:10538: result: yes
configure:10543: checking whether a statically linked program can dlopen itself
configure:10623: gcc -o conftest -g -O2  -DHAVE_DLFCN_H  -Wl,--export-dynamic -static conftest.c   >&5
configure:10626: $? = 0
Service unavailable
configure:10644: result: no
configure:10683: checking whether stripping libraries is possible
configure:10688: result: yes
configure:10723: checking if libtool supports shared libraries
configure:10725: result: yes
configure:10728: checking whether to build shared libraries
configure:10749: result: yes
configure:10752: checking whether to build static libraries
configure:10756: result: yes
configure:10794: checking which extension is used for runtime loadable modules
configure:10806: result: .so
configure:10823: checking which variable specifies run-time module search path
configure:10830: result: LD_LIBRARY_PATH
configure:10840: checking for the default library search path
configure:10847: result: /lib /usr/lib
configure:10877: checking for library containing dlopen
configure:10908: gcc -o conftest -g -O2   conftest.c  >&5
configure:10908: $? = 0
configure:10925: result: none required
configure:11015: checking for dlerror
configure:11015: gcc -o conftest -g -O2   conftest.c   >&5
configure:11015: $? = 0
configure:11015: result: yes
configure:11029: checking for shl_load
configure:11029: result: no
configure:11036: checking for shl_load in -ldld
configure:11070: result: no
configure:11116: checking for dld_link in -ldld
configure:11141: gcc -o conftest -g -O2   conftest.c -ldld   >&5
/usr/bin/ld: cannot find -ldld
configure:11141: $? = 1
configure: failed program was:
| /* confdefs.h */
| #define PACKAGE_NAME "Hello module for TinyMUSH 3.3"
| #define PACKAGE_TARNAME "hello-module-for-tinymush-3-3"
| #define PACKAGE_VERSION "1.1.0.0"
| #define PACKAGE_STRING "Hello module for TinyMUSH 3.3 1.1.0.0"
| #define PACKAGE_BUGREPORT "tinymush-support@list.sourceforge.net"
| #define PACKAGE_URL ""
| #define STDC_HEADERS 1
| #define HAVE_SYS_TYPES_H 1
| #define HAVE_SYS_STAT_H 1
| #define HAVE_STDLIB_H 1
| #define HAVE_STRING_H 1
| #define HAVE_MEMORY_H 1
| #define HAVE_STRINGS_H 1
| #define HAVE_INTTYPES_H 1
| #define HAVE_STDINT_H 1
| #define HAVE_UNISTD_H 1
| #define HAVE_DLFCN_H 1
| #define LT_OBJDIR ".libs/"
| #define LT_MODULE_EXT ".so"
| #define LT_MODULE_PATH_VAR "LD_LIBRARY_PATH"
| #define LT_DLSEARCH_PATH "/lib:/usr/lib"
| #define HAVE_LIBDL 1
| #define HAVE_DLERROR 1
| /* end confdefs.h.  */
| 
| /* Override any GCC internal prototype to avoid an error.
|    Use char because int might match the return type of a GCC
|    builtin and then its argument prototype would still apply.  */
| #ifdef __cplusplus
| extern "C"
| #endif
| char dld_link ();
| int
| main ()
| {
| return dld_link ();
|   ;
|   return 0;
| }
configure:11150: result: no
configure:11184: checking for _ prefix in compiled symbols
configure:11194: gcc -c -g -O2  conftest.c >&5
configure:11197: $? = 0
configure:11201: /usr/bin/nm -B conftest.o \| sed -n -e 's/^.*[	 ]\([ABCDGIRSTW][ABCDGIRSTW]*\)[	 ][	 ]*\([_A-Za-z][_A-Za-z0-9]*\)$/\1 \2 \2/p' | sed '/ __gnu_lto/d' \> conftest.nm
configure:11204: $? = 0
configure:11226: result: no
configure:11350: checking whether deplibs are loaded by dlopen
configure:11444: result: yes
configure:11456: checking for argz.h
configure:11456: gcc -c -g -O2  conftest.c >&5
conftest.c:61:18: error: argz.h: No such file or directory
configure:11456: $? = 1
configure: failed program was:
| /* confdefs.h */
| #define PACKAGE_NAME "Hello module for TinyMUSH 3.3"
| #define PACKAGE_TARNAME "hello-module-for-tinymush-3-3"
| #define PACKAGE_VERSION "1.1.0.0"
| #define PACKAGE_STRING "Hello module for TinyMUSH 3.3 1.1.0.0"
| #define PACKAGE_BUGREPORT "tinymush-support@list.sourceforge.net"
| #define PACKAGE_URL ""
| #define STDC_HEADERS 1
| #define HAVE_SYS_TYPES_H 1
| #define HAVE_SYS_STAT_H 1
| #define HAVE_STDLIB_H 1
| #define HAVE_STRING_H 1
| #define HAVE_MEMORY_H 1
| #define HAVE_STRINGS_H 1
| #define HAVE_INTTYPES_H 1
| #define HAVE_STDINT_H 1
| #define HAVE_UNISTD_H 1
| #define HAVE_DLFCN_H 1
| #define LT_OBJDIR ".libs/"
| #define LT_MODULE_EXT ".so"
| #define LT_MODULE_PATH_VAR "LD_LIBRARY_PATH"
| #define LT_DLSEARCH_PATH "/lib:/usr/lib"
| #define HAVE_LIBDL 1
| #define HAVE_DLERROR 1
| #define HAVE_LIBDLLOADER 1
| /* end confdefs.h.  */
| #include <stdio.h>
| #ifdef HAVE_SYS_TYPES_H
| # include <sys/types.h>
| #endif
| #ifdef HAVE_SYS_STAT_H
| # include <sys/stat.h>
| #endif
| #ifdef STDC_HEADERS
| # include <stdlib.h>
| # include <stddef.h>
| #else
| # ifdef HAVE_STDLIB_H
| #  include <stdlib.h>
| # endif
| #endif
| #ifdef HAVE_STRING_H
| # if !defined STDC_HEADERS && defined HAVE_MEMORY_H
| #  include <memory.h>
| # endif
| # include <string.h>
| #endif
| #ifdef HAVE_STRINGS_H
| # include <strings.h>
| #endif
| #ifdef HAVE_INTTYPES_H
| # include <inttypes.h>
| #endif
| #ifdef HAVE_STDINT_H
| # include <stdint.h>
| #endif
| #ifdef HAVE_UNISTD_H
| # include <unistd.h>
| #endif
| 
| #include <argz.h>
configure:11456: result: no
configure:11468: checking for error_t
configure:11468: gcc -c -g -O2  conftest.c >&5
conftest.c: In function 'main':
conftest.c:34: error: 'error_t' undeclared (first use in this function)
conftest.c:34: error: (Each undeclared identifier is reported only once
conftest.c:34: error: for each function it appears in.)
configure:11468: $? = 1
configure: failed program was:
| /* confdefs.h */
| #define PACKAGE_NAME "Hello module for TinyMUSH 3.3"
| #define PACKAGE_TARNAME "hello-module-for-tinymush-3-3"
| #define PACKAGE_VERSION "1.1.0.0"
| #define PACKAGE_STRING "Hello module for TinyMUSH 3.3 1.1.0.0"
| #define PACKAGE_BUGREPORT "tinymush-support@list.sourceforge.net"
| #define PACKAGE_URL ""
| #define STDC_HEADERS 1
| #define HAVE_SYS_TYPES_H 1
| #define HAVE_SYS_STAT_H 1
| #define HAVE_STDLIB_H 1
| #define HAVE_STRING_H 1
| #define HAVE_MEMORY_H 1
| #define HAVE_STRINGS_H 1
| #define HAVE_INTTYPES_H 1
| #define HAVE_STDINT_H 1
| #define HAVE_UNISTD_H 1
| #define HAVE_DLFCN_H 1
| #define LT_OBJDIR ".libs/"
| #define LT_MODULE_EXT ".so"
| #define LT_MODULE_PATH_VAR "LD_LIBRARY_PATH"
| #define LT_DLSEARCH_PATH "/lib:/usr/lib"
| #define HAVE_LIBDL 1
| #define HAVE_DLERROR 1
| #define HAVE_LIBDLLOADER 1
| /* end confdefs.h.  */
| #if defined(HAVE_ARGZ_H)
| #  include <argz.h>
| #endif
| 
| int
| main ()
| {
| if (sizeof (error_t))
| 	 return 0;
|   ;
|   return 0;
| }
configure:11468: result: no
configure:11494: checking for argz_add
configure:11494: gcc -o conftest -g -O2   conftest.c  >&5
/tmp//ccPmxKsO.o: In function `main':
/home/tuh/tinymush-code/src/modules/hello/conftest.c:63: undefined reference to `argz_add'
configure:11494: $? = 1
configure: failed program was:
| /* confdefs.h */
| #define PACKAGE_NAME "Hello module for TinyMUSH 3.3"
| #define PACKAGE_TARNAME "hello-module-for-tinymush-3-3"
| #define PACKAGE_VERSION "1.1.0.0"
| #define PACKAGE_STRING "Hello module for TinyMUSH 3.3 1.1.0.0"
| #define PACKAGE_BUGREPORT "tinymush-support@list.sourceforge.net"
| #define PACKAGE_URL ""
| #define STDC_HEADERS 1
| #define HAVE_SYS_TYPES_H 1
| #define HAVE_SYS_STAT_H 1
| #define HAVE_STDLIB_H 1
| #define HAVE_STRING_H 1
| #define HAVE_MEMORY_H 1
| #define HAVE_STRINGS_H 1
| #define HAVE_INTTYPES_H 1
| #define HAVE_STDINT_H 1
| #define HAVE_UNISTD_H 1
| #define HAVE_DLFCN_H 1
| #define LT_OBJDIR ".libs/"
| #define LT_MODULE_EXT ".so"
| #define LT_MODULE_PATH_VAR "LD_LIBRARY_PATH"
| #define LT_DLSEARCH_PATH "/lib:/usr/lib"
| #define HAVE_LIBDL 1
| #define HAVE_DLERROR 1
| #define HAVE_LIBDLLOADER 1
| #define error_t int
| #define __error_t_defined 1
| /* end confdefs.h.  */
| /* Define argz_add to an innocuous variant, in case <limits.h> declares argz_add.
|    For example, HP-UX 11i <limits.h> declares gettimeofday.  */
| #define argz_add innocuous_argz_add
| 
| /* System header to define __stub macros and hopefully few prototypes,
|     which can conflict with char argz_add (); below.
|     Prefer <limits.h> to <assert.h> if __STDC__ is defined, since
|     <limits.h> exists even on freestanding compilers.  */
| 
| #ifdef __STDC__
| # include <limits.h>
| #else
| # include <assert.h>
| #endif
| 
| #undef argz_add
| 
| /* Override any GCC internal prototype to avoid an error.
|    Use char because int might match the return type of a GCC
|    builtin and then its argument prototype would still apply.  */
| #ifdef __cplusplus
| extern "C"
| #endif
| char argz_add ();
| /* The GNU C library defines this for functions which it implements
|     to always fail with ENOSYS.  Some functions are actually named
|     something starting with __ and the normal name is an alias.  */
| #if defined __stub_argz_add || defined __stub___argz_add
| choke me
| #endif
| 
| int
| main ()
| {
| return argz_add ();
|   ;
|   return 0;
| }
configure:11494: result: no
configure:11494: checking for argz_append
configure:11494: gcc -o conftest -g -O2   conftest.c  >&5
/tmp//cc8ZGaWC.o: In function `main':
/home/tuh/tinymush-code/src/modules/hello/conftest.c:63: undefined reference to `argz_append'
configure:11494: $? = 1
configure: failed program was:
| /* confdefs.h */
| #define PACKAGE_NAME "Hello module for TinyMUSH 3.3"
| #define PACKAGE_TARNAME "hello-module-for-tinymush-3-3"
| #define PACKAGE_VERSION "1.1.0.0"
| #define PACKAGE_STRING "Hello module for TinyMUSH 3.3 1.1.0.0"
| #define PACKAGE_BUGREPORT "tinymush-support@list.sourceforge.net"
| #define PACKAGE_URL ""
| #define STDC_HEADERS 1
| #define HAVE_SYS_TYPES_H 1
| #define HAVE_SYS_STAT_H 1
| #define HAVE_STDLIB_H 1
| #define HAVE_STRING_H 1
| #define HAVE_MEMORY_H 1
| #define HAVE_STRINGS_H 1
| #define HAVE_INTTYPES_H 1
| #define HAVE_STDINT_H 1
| #define HAVE_UNISTD_H 1
| #define HAVE_DLFCN_H 1
| #define LT_OBJDIR ".libs/"
| #define LT_MODULE_EXT ".so"
| #define LT_MODULE_PATH_VAR "LD_LIBRARY_PATH"
| #define LT_DLSEARCH_PATH "/lib:/usr/lib"
| #define HAVE_LIBDL 1
| #define HAVE_DLERROR 1
| #define HAVE_LIBDLLOADER 1
| #define error_t int
| #define __error_t_defined 1
| /* end confdefs.h.  */
| /* Define argz_append to an innocuous variant, in case <limits.h> declares argz_append.
|    For example, HP-UX 11i <limits.h> declares gettimeofday.  */
| #define argz_append innocuous_argz_append
| 
| /* System header to define __stub macros and hopefully few prototypes,
|     which can conflict with char argz_append (); below.
|     Prefer <limits.h> to <assert.h> if __STDC__ is defined, since
|     <limits.h> exists even on freestanding compilers.  */
| 
| #ifdef __STDC__
| # include <limits.h>
| #else
| # include <assert.h>
| #endif
| 
| #undef argz_append
| 
| /* Override any GCC internal prototype to avoid an error.
|    Use char because int might match the return type of a GCC
|    builtin and then its argument prototype would still apply.  */
| #ifdef __cplusplus
| extern "C"
| #endif
| char argz_append ();
| /* The GNU C library defines this for functions which it implements
|     to always fail with ENOSYS.  Some functions are actually named
|     something starting with __ and the normal name is an alias.  */
| #if defined __stub_argz_append || defined __stub___argz_append
| choke me
| #endif
| 
| int
| main ()
| {
| return argz_append ();
|   ;
|   return 0;
| }
configure:11494: result: no
configure:11494: checking for argz_count
configure:11494: gcc -o conftest -g -O2   conftest.c  >&5
/tmp//ccs2tdpS.o: In function `main':
/home/tuh/tinymush-code/src/modules/hello/conftest.c:63: undefined reference to `argz_count'
configure:11494: $? = 1
configure: failed program was:
| /* confdefs.h */
| #define PACKAGE_NAME "Hello module for TinyMUSH 3.3"
| #define PACKAGE_TARNAME "hello-module-for-tinymush-3-3"
| #define PACKAGE_VERSION "1.1.0.0"
| #define PACKAGE_STRING "Hello module for TinyMUSH 3.3 1.1.0.0"
| #define PACKAGE_BUGREPORT "tinymush-support@list.sourceforge.net"
| #define PACKAGE_URL ""
| #define STDC_HEADERS 1
| #define HAVE_SYS_TYPES_H 1
| #define HAVE_SYS_STAT_H 1
| #define HAVE_STDLIB_H 1
| #define HAVE_STRING_H 1
| #define HAVE_MEMORY_H 1
| #define HAVE_STRINGS_H 1
| #define HAVE_INTTYPES_H 1
| #define HAVE_STDINT_H 1
| #define HAVE_UNISTD_H 1
| #define HAVE_DLFCN_H 1
| #define LT_OBJDIR ".libs/"
| #define LT_MODULE_EXT ".so"
| #define LT_MODULE_PATH_VAR "LD_LIBRARY_PATH"
| #define LT_DLSEARCH_PATH "/lib:/usr/lib"
| #define HAVE_LIBDL 1
| #define HAVE_DLERROR 1
| #define HAVE_LIBDLLOADER 1
| #define error_t int
| #define __error_t_defined 1
| /* end confdefs.h.  */
| /* Define argz_count to an innocuous variant, in case <limits.h> declares argz_count.
|    For example, HP-UX 11i <limits.h> declares gettimeofday.  */
| #define argz_count innocuous_argz_count
| 
| /* System header to define __stub macros and hopefully few prototypes,
|     which can conflict with char argz_count (); below.
|     Prefer <limits.h> to <assert.h> if __STDC__ is defined, since
|     <limits.h> exists even on freestanding compilers.  */
| 
| #ifdef __STDC__
| # include <limits.h>
| #else
| # include <assert.h>
| #endif
| 
| #undef argz_count
| 
| /* Override any GCC internal prototype to avoid an error.
|    Use char because int might match the return type of a GCC
|    builtin and then its argument prototype would still apply.  */
| #ifdef __cplusplus
| extern "C"
| #endif
| char argz_count ();
| /* The GNU C library defines this for functions which it implements
|     to always fail with ENOSYS.  Some functions are actually named
|     something starting with __ and the normal name is an alias.  */
| #if defined __stub_argz_count || defined __stub___argz_count
| choke me
| #endif
| 
| int
| main ()
| {
| return argz_count ();
|   ;
|   return 0;
| }
configure:11494: result: no
configure:11494: checking for argz_create_sep
configure:11494: gcc -o conftest -g -O2   conftest.c  >&5
/tmp//cclt9Gj4.o: In function `main':
/home/tuh/tinymush-code/src/modules/hello/conftest.c:63: undefined reference to `argz_create_sep'
configure:11494: $? = 1
configure: failed program was:
| /* confdefs.h */
| #define PACKAGE_NAME "Hello module for TinyMUSH 3.3"
| #define PACKAGE_TARNAME "hello-module-for-tinymush-3-3"
| #define PACKAGE_VERSION "1.1.0.0"
| #define PACKAGE_STRING "Hello module for TinyMUSH 3.3 1.1.0.0"
| #define PACKAGE_BUGREPORT "tinymush-support@list.sourceforge.net"
| #define PACKAGE_URL ""
| #define STDC_HEADERS 1
| #define HAVE_SYS_TYPES_H 1
| #define HAVE_SYS_STAT_H 1
| #define HAVE_STDLIB_H 1
| #define HAVE_STRING_H 1
| #define HAVE_MEMORY_H 1
| #define HAVE_STRINGS_H 1
| #define HAVE_INTTYPES_H 1
| #define HAVE_STDINT_H 1
| #define HAVE_UNISTD_H 1
| #define HAVE_DLFCN_H 1
| #define LT_OBJDIR ".libs/"
| #define LT_MODULE_EXT ".so"
| #define LT_MODULE_PATH_VAR "LD_LIBRARY_PATH"
| #define LT_DLSEARCH_PATH "/lib:/usr/lib"
| #define HAVE_LIBDL 1
| #define HAVE_DLERROR 1
| #define HAVE_LIBDLLOADER 1
| #define error_t int
| #define __error_t_defined 1
| /* end confdefs.h.  */
| /* Define argz_create_sep to an innocuous variant, in case <limits.h> declares argz_create_sep.
|    For example, HP-UX 11i <limits.h> declares gettimeofday.  */
| #define argz_create_sep innocuous_argz_create_sep
| 
| /* System header to define __stub macros and hopefully few prototypes,
|     which can conflict with char argz_create_sep (); below.
|     Prefer <limits.h> to <assert.h> if __STDC__ is defined, since
|     <limits.h> exists even on freestanding compilers.  */
| 
| #ifdef __STDC__
| # include <limits.h>
| #else
| # include <assert.h>
| #endif
| 
| #undef argz_create_sep
| 
| /* Override any GCC internal prototype to avoid an error.
|    Use char because int might match the return type of a GCC
|    builtin and then its argument prototype would still apply.  */
| #ifdef __cplusplus
| extern "C"
| #endif
| char argz_create_sep ();
| /* The GNU C library defines this for functions which it implements
|     to always fail with ENOSYS.  Some functions are actually named
|     something starting with __ and the normal name is an alias.  */
| #if defined __stub_argz_create_sep || defined __stub___argz_create_sep
| choke me
| #endif
| 
| int
| main ()
| {
| return argz_create_sep ();
|   ;
|   return 0;
| }
configure:11494: result: no
configure:11494: checking for argz_insert
configure:11494: gcc -o conftest -g -O2   conftest.c  >&5
/tmp//ccOyz1tb.o: In function `main':
/home/tuh/tinymush-code/src/modules/hello/conftest.c:63: undefined reference to `argz_insert'
configure:11494: $? = 1
configure: failed program was:
| /* confdefs.h */
| #define PACKAGE_NAME "Hello module for TinyMUSH 3.3"
| #define PACKAGE_TARNAME "hello-module-for-tinymush-3-3"
| #define PACKAGE_VERSION "1.1.0.0"
| #define PACKAGE_STRING "Hello module for TinyMUSH 3.3 1.1.0.0"
| #define PACKAGE_BUGREPORT "tinymush-support@list.sourceforge.net"
| #define PACKAGE_URL ""
| #define STDC_HEADERS 1
| #define HAVE_SYS_TYPES_H 1
| #define HAVE_SYS_STAT_H 1
| #define HAVE_STDLIB_H 1
| #define HAVE_STRING_H 1
| #define HAVE_MEMORY_H 1
| #define HAVE_STRINGS_H 1
| #define HAVE_INTTYPES_H 1
| #define HAVE_STDINT_H 1
| #define HAVE_UNISTD_H 1
| #define HAVE_DLFCN_H 1
| #define LT_OBJDIR ".libs/"
| #define LT_MODULE_EXT ".so"
| #define LT_MODULE_PATH_VAR "LD_LIBRARY_PATH"
| #define LT_DLSEARCH_PATH "/lib:/usr/lib"
| #define HAVE_LIBDL 1
| #define HAVE_DLERROR 1
| #define HAVE_LIBDLLOADER 1
| #define error_t int
| #define __error_t_defined 1
| /* end confdefs.h.  */
| /* Define argz_insert to an innocuous variant, in case <limits.h> declares argz_insert.
|    For example, HP-UX 11i <limits.h> declares gettimeofday.  */
| #define argz_insert innocuous_argz_insert
| 
| /* System header to define __stub macros and hopefully few prototypes,
|     which can conflict with char argz_insert (); below.
|     Prefer <limits.h> to <assert.h> if __STDC__ is defined, since
|     <limits.h> exists even on freestanding compilers.  */
| 
| #ifdef __STDC__
| # include <limits.h>
| #else
| # include <assert.h>
| #endif
| 
| #undef argz_insert
| 
| /* Override any GCC internal prototype to avoid an error.
|    Use char because int might match the return type of a GCC
|    builtin and then its argument prototype would still apply.  */
| #ifdef __cplusplus
| extern "C"
| #endif
| char argz_insert ();
| /* The GNU C library defines this for functions which it implements
|     to always fail with ENOSYS.  Some functions are actually named
|     something starting with __ and the normal name is an alias.  */
| #if defined __stub_argz_insert || defined __stub___argz_insert
| choke me
| #endif
| 
| int
| main ()
| {
| return argz_insert ();
|   ;
|   return 0;
| }
configure:11494: result: no
configure:11494: checking for argz_next
configure:11494: gcc -o conftest -g -O2   conftest.c  >&5
/tmp//ccpBqWWh.o: In function `main':
/home/tuh/tinymush-code/src/modules/hello/conftest.c:63: undefined reference to `argz_next'
configure:11494: $? = 1
configure: failed program was:
| /* confdefs.h */
| #define PACKAGE_NAME "Hello module for TinyMUSH 3.3"
| #define PACKAGE_TARNAME "hello-module-for-tinymush-3-3"
| #define PACKAGE_VERSION "1.1.0.0"
| #define PACKAGE_STRING "Hello module for TinyMUSH 3.3 1.1.0.0"
| #define PACKAGE_BUGREPORT "tinymush-support@list.sourceforge.net"
| #define PACKAGE_URL ""
| #define STDC_HEADERS 1
| #define HAVE_SYS_TYPES_H 1
| #define HAVE_SYS_STAT_H 1
| #define HAVE_STDLIB_H 1
| #define HAVE_STRING_H 1
| #define HAVE_MEMORY_H 1
| #define HAVE_STRINGS_H 1
| #define HAVE_INTTYPES_H 1
| #define HAVE_STDINT_H 1
| #define HAVE_UNISTD_H 1
| #define HAVE_DLFCN_H 1
| #define LT_OBJDIR ".libs/"
| #define LT_MODULE_EXT ".so"
| #define LT_MODULE_PATH_VAR "LD_LIBRARY_PATH"
| #define LT_DLSEARCH_PATH "/lib:/usr/lib"
| #define HAVE_LIBDL 1
| #define HAVE_DLERROR 1
| #define HAVE_LIBDLLOADER 1
| #define error_t int
| #define __error_t_defined 1
| /* end confdefs.h.  */
| /* Define argz_next to an innocuous variant, in case <limits.h> declares argz_next.
|    For example, HP-UX 11i <limits.h> declares gettimeofday.  */
| #define argz_next innocuous_argz_next
| 
| /* System header to define __stub macros and hopefully few prototypes,
|     which can conflict with char argz_next (); below.
|     Prefer <limits.h> to <assert.h> if __STDC__ is defined, since
|     <limits.h> exists even on freestanding compilers.  */
| 
| #ifdef __STDC__
| # include <limits.h>
| #else
| # include <assert.h>
| #endif
| 
| #undef argz_next
| 
| /* Override any GCC internal prototype to avoid an error.
|    Use char because int might match the return type of a GCC
|    builtin and then its argument prototype would still apply.  */
| #ifdef __cplusplus
| extern "C"
| #endif
| char argz_next ();
| /* The GNU C library defines this for functions which it implements
|     to always fail with ENOSYS.  Some functions are actually named
|     something starting with __ and the normal name is an alias.  */
| #if defined __stub_argz_next || defined __stub___argz_next
| choke me
| #endif
| 
| int
| main ()
| {
| return argz_next ();
|   ;
|   return 0;
| }
configure:11494: result: no
configure:11494: checking for argz_stringify
configure:11494: gcc -o conftest -g -O2   conftest.c  >&5
/tmp//ccM28nHy.o: In function `main':
/home/tuh/tinymush-code/src/modules/hello/conftest.c:63: undefined reference to `argz_stringify'
configure:11494: $? = 1
configure: failed program was:
| /* confdefs.h */
| #define PACKAGE_NAME "Hello module for TinyMUSH 3.3"
| #define PACKAGE_TARNAME "hello-module-for-tinymush-3-3"
| #define PACKAGE_VERSION "1.1.0.0"
| #define PACKAGE_STRING "Hello module for TinyMUSH 3.3 1.1.0.0"
| #define PACKAGE_BUGREPORT "tinymush-support@list.sourceforge.net"
| #define PACKAGE_URL ""
| #define STDC_HEADERS 1
| #define HAVE_SYS_TYPES_H 1
| #define HAVE_SYS_STAT_H 1
| #define HAVE_STDLIB_H 1
| #define HAVE_STRING_H 1
| #define HAVE_MEMORY_H 1
| #define HAVE_STRINGS_H 1
| #define HAVE_INTTYPES_H 1
| #define HAVE_STDINT_H 1
| #define HAVE_UNISTD_H 1
| #define HAVE_DLFCN_H 1
| #define LT_OBJDIR ".libs/"
| #define LT_MODULE_EXT ".so"
| #define LT_MODULE_PATH_VAR "LD_LIBRARY_PATH"
| #define LT_DLSEARCH_PATH "/lib:/usr/lib"
| #define HAVE_LIBDL 1
| #define HAVE_DLERROR 1
| #define HAVE_LIBDLLOADER 1
| #define error_t int
| #define __error_t_defined 1
| /* end confdefs.h.  */
| /* Define argz_stringify to an innocuous variant, in case <limits.h> declares argz_stringify.
|    For example, HP-UX 11i <limits.h> declares gettimeofday.  */
| #define argz_stringify innocuous_argz_stringify
| 
| /* System header to define __stub macros and hopefully few prototypes,
|     which can conflict with char argz_stringify (); below.
|     Prefer <limits.h> to <assert.h> if __STDC__ is defined, since
|     <limits.h> exists even on freestanding compilers.  */
| 
| #ifdef __STDC__
| # include <limits.h>
| #else
| # include <assert.h>
| #endif
| 
| #undef argz_stringify
| 
| /* Override any GCC internal prototype to avoid an error.
|    Use char because int might match the return type of a GCC
|    builtin and then its argument prototype would still apply.  */
| #ifdef __cplusplus
| extern "C"
| #endif
| char argz_stringify ();
| /* The GNU C library defines this for functions which it implements
|     to always fail with ENOSYS.  Some functions are actually named
|     something starting with __ and the normal name is an alias.  */
| #if defined __stub_argz_stringify || defined __stub___argz_stringify
| choke me
| #endif
| 
| int
| main ()
| {
| return argz_stringify ();
|   ;
|   return 0;
| }
configure:11494: result: no
configure:11558: checking whether libtool supports -dlopen/-dlpreopen
configure:11570: result: yes
configure:11602: checking for ltdl.h
configure:11602: gcc -c -g -O2  conftest.c >&5
conftest.c:65:18: error: ltdl.h: No such file or directory
configure:11602: $? = 1
configure: failed program was:
| /* confdefs.h */
| #define PACKAGE_NAME "Hello module for TinyMUSH 3.3"
| #define PACKAGE_TARNAME "hello-module-for-tinymush-3-3"
| #define PACKAGE_VERSION "1.1.0.0"
| #define PACKAGE_STRING "Hello module for TinyMUSH 3.3 1.1.0.0"
| #define PACKAGE_BUGREPORT "tinymush-support@list.sourceforge.net"
| #define PACKAGE_URL ""
| #define STDC_HEADERS 1
| #define HAVE_SYS_TYPES_H 1
| #define HAVE_SYS_STAT_H 1
| #define HAVE_STDLIB_H 1
| #define HAVE_STRING_H 1
| #define HAVE_MEMORY_H 1
| #define HAVE_STRINGS_H 1
| #define HAVE_INTTYPES_H 1
| #define HAVE_STDINT_H 1
| #define HAVE_UNISTD_H 1
| #define HAVE_DLFCN_H 1
| #define LT_OBJDIR ".libs/"
| #define LT_MODULE_EXT ".so"
| #define LT_MODULE_PATH_VAR "LD_LIBRARY_PATH"
| #define LT_DLSEARCH_PATH "/lib:/usr/lib"
| #define HAVE_LIBDL 1
| #define HAVE_DLERROR 1
| #define HAVE_LIBDLLOADER 1
| #define error_t int
| #define __error_t_defined 1
| #define HAVE_PRELOADED_SYMBOLS 1
| /* end confdefs.h.  */
| #include <stdio.h>
| #ifdef HAVE_SYS_TYPES_H
| # include <sys/types.h>
| #endif
| #ifdef HAVE_SYS_STAT_H
| # include <sys/stat.h>
| #endif
| #ifdef STDC_HEADERS
| # include <stdlib.h>
| # include <stddef.h>
| #else
| # ifdef HAVE_STDLIB_H
| #  include <stdlib.h>
| # endif
| #endif
| #ifdef HAVE_STRING_H
| # if !defined STDC_HEADERS && defined HAVE_MEMORY_H
| #  include <memory.h>
| # endif
| # include <string.h>
| #endif
| #ifdef HAVE_STRINGS_H
| # include <strings.h>
| #endif
| #ifdef HAVE_INTTYPES_H
| # include <inttypes.h>
| #endif
| #ifdef HAVE_STDINT_H
| # include <stdint.h>
| #endif
| #ifdef HAVE_UNISTD_H
| # include <unistd.h>
| #endif
| 
| 
| #include <ltdl.h>
configure:11602: result: no
configure:11739: checking where to find libltdl headers
configure:11741: result: -I${top_srcdir}/libltdl
configure:11743: checking where to find libltdl library
configure:11745: result: ${top_build_prefix}libltdl/libltdlc.la
configure:11795: checking for unistd.h
configure:11795: result: yes
configure:11795: checking for dl.h
configure:11795: gcc -c -g -O2  conftest.c >&5
conftest.c:65:16: error: dl.h: No such file or directory
configure:11795: $? = 1
configure: failed program was:
| /* confdefs.h */
| #define PACKAGE_NAME "Hello module for TinyMUSH 3.3"
| #define PACKAGE_TARNAME "hello-module-for-tinymush-3-3"
| #define PACKAGE_VERSION "1.1.0.0"
| #define PACKAGE_STRING "Hello module for TinyMUSH 3.3 1.1.0.0"
| #define PACKAGE_BUGREPORT "tinymush-support@list.sourceforge.net"
| #define PACKAGE_URL ""
| #define STDC_HEADERS 1
| #define HAVE_SYS_TYPES_H 1
| #define HAVE_SYS_STAT_H 1
| #define HAVE_STDLIB_H 1
| #define HAVE_STRING_H 1
| #define HAVE_MEMORY_H 1
| #define HAVE_STRINGS_H 1
| #define HAVE_INTTYPES_H 1
| #define HAVE_STDINT_H 1
| #define HAVE_UNISTD_H 1
| #define HAVE_DLFCN_H 1
| #define LT_OBJDIR ".libs/"
| #define LT_MODULE_EXT ".so"
| #define LT_MODULE_PATH_VAR "LD_LIBRARY_PATH"
| #define LT_DLSEARCH_PATH "/lib:/usr/lib"
| #define HAVE_LIBDL 1
| #define HAVE_DLERROR 1
| #define HAVE_LIBDLLOADER 1
| #define error_t int
| #define __error_t_defined 1
| #define HAVE_PRELOADED_SYMBOLS 1
| #define HAVE_UNISTD_H 1
| /* end confdefs.h.  */
| #include <stdio.h>
| #ifdef HAVE_SYS_TYPES_H
| # include <sys/types.h>
| #endif
| #ifdef HAVE_SYS_STAT_H
| # include <sys/stat.h>
| #endif
| #ifdef STDC_HEADERS
| # include <stdlib.h>
| # include <stddef.h>
| #else
| # ifdef HAVE_STDLIB_H
| #  include <stdlib.h>
| # endif
| #endif
| #ifdef HAVE_STRING_H
| # if !defined STDC_HEADERS && defined HAVE_MEMORY_H
| #  include <memory.h>
| # endif
| # include <string.h>
| #endif
| #ifdef HAVE_STRINGS_H
| # include <strings.h>
| #endif
| #ifdef HAVE_INTTYPES_H
| # include <inttypes.h>
| #endif
| #ifdef HAVE_STDINT_H
| # include <stdint.h>
| #endif
| #ifdef HAVE_UNISTD_H
| # include <unistd.h>
| #endif
| 
| #include <dl.h>
configure:11795: result: no
configure:11795: checking for sys/dl.h
configure:11795: gcc -c -g -O2  conftest.c >&5
conftest.c:65:20: error: sys/dl.h: No such file or directory
configure:11795: $? = 1
configure: failed program was:
| /* confdefs.h */
| #define PACKAGE_NAME "Hello module for TinyMUSH 3.3"
| #define PACKAGE_TARNAME "hello-module-for-tinymush-3-3"
| #define PACKAGE_VERSION "1.1.0.0"
| #define PACKAGE_STRING "Hello module for TinyMUSH 3.3 1.1.0.0"
| #define PACKAGE_BUGREPORT "tinymush-support@list.sourceforge.net"
| #define PACKAGE_URL ""
| #define STDC_HEADERS 1
| #define HAVE_SYS_TYPES_H 1
| #define HAVE_SYS_STAT_H 1
| #define HAVE_STDLIB_H 1
| #define HAVE_STRING_H 1
| #define HAVE_MEMORY_H 1
| #define HAVE_STRINGS_H 1
| #define HAVE_INTTYPES_H 1
| #define HAVE_STDINT_H 1
| #define HAVE_UNISTD_H 1
| #define HAVE_DLFCN_H 1
| #define LT_OBJDIR ".libs/"
| #define LT_MODULE_EXT ".so"
| #define LT_MODULE_PATH_VAR "LD_LIBRARY_PATH"
| #define LT_DLSEARCH_PATH "/lib:/usr/lib"
| #define HAVE_LIBDL 1
| #define HAVE_DLERROR 1
| #define HAVE_LIBDLLOADER 1
| #define error_t int
| #define __error_t_defined 1
| #define HAVE_PRELOADED_SYMBOLS 1
| #define HAVE_UNISTD_H 1
| /* end confdefs.h.  */
| #include <stdio.h>
| #ifdef HAVE_SYS_TYPES_H
| # include <sys/types.h>
| #endif
| #ifdef HAVE_SYS_STAT_H
| # include <sys/stat.h>
| #endif
| #ifdef STDC_HEADERS
| # include <stdlib.h>
| # include <stddef.h>
| #else
| # ifdef HAVE_STDLIB_H
| #  include <stdlib.h>
| # endif
| #endif
| #ifdef HAVE_STRING_H
| # if !defined STDC_HEADERS && defined HAVE_MEMORY_H
| #  include <memory.h>
| # endif
| # include <string.h>
| #endif
| #ifdef HAVE_STRINGS_H
| # include <strings.h>
| #endif
| #ifdef HAVE_INTTYPES_H
| # include <inttypes.h>
| #endif
| #ifdef HAVE_STDINT_H
| # include <stdint.h>
| #endif
| #ifdef HAVE_UNISTD_H
| # include <unistd.h>
| #endif
| 
| #include <sys/dl.h>
configure:11795: result: no
configure:11795: checking for dld.h
configure:11795: gcc -c -g -O2  conftest.c >&5
conftest.c:65:17: error: dld.h: No such file or directory
configure:11795: $? = 1
configure: failed program was:
| /* confdefs.h */
| #define PACKAGE_NAME "Hello module for TinyMUSH 3.3"
| #define PACKAGE_TARNAME "hello-module-for-tinymush-3-3"
| #define PACKAGE_VERSION "1.1.0.0"
| #define PACKAGE_STRING "Hello module for TinyMUSH 3.3 1.1.0.0"
| #define PACKAGE_BUGREPORT "tinymush-support@list.sourceforge.net"
| #define PACKAGE_URL ""
| #define STDC_HEADERS 1
| #define HAVE_SYS_TYPES_H 1
| #define HAVE_SYS_STAT_H 1
| #define HAVE_STDLIB_H 1
| #define HAVE_STRING_H 1
| #define HAVE_MEMORY_H 1
| #define HAVE_STRINGS_H 1
| #define HAVE_INTTYPES_H 1
| #define HAVE_STDINT_H 1
| #define HAVE_UNISTD_H 1
| #define HAVE_DLFCN_H 1
| #define LT_OBJDIR ".libs/"
| #define LT_MODULE_EXT ".so"
| #define LT_MODULE_PATH_VAR "LD_LIBRARY_PATH"
| #define LT_DLSEARCH_PATH "/lib:/usr/lib"
| #define HAVE_LIBDL 1
| #define HAVE_DLERROR 1
| #define HAVE_LIBDLLOADER 1
| #define error_t int
| #define __error_t_defined 1
| #define HAVE_PRELOADED_SYMBOLS 1
| #define HAVE_UNISTD_H 1
| /* end confdefs.h.  */
| #include <stdio.h>
| #ifdef HAVE_SYS_TYPES_H
| # include <sys/types.h>
| #endif
| #ifdef HAVE_SYS_STAT_H
| # include <sys/stat.h>
| #endif
| #ifdef STDC_HEADERS
| # include <stdlib.h>
| # include <stddef.h>
| #else
| # ifdef HAVE_STDLIB_H
| #  include <stdlib.h>
| # endif
| #endif
| #ifdef HAVE_STRING_H
| # if !defined STDC_HEADERS && defined HAVE_MEMORY_H
| #  include <memory.h>
| # endif
| # include <string.h>
| #endif
| #ifdef HAVE_STRINGS_H
| # include <strings.h>
| #endif
| #ifdef HAVE_INTTYPES_H
| # include <inttypes.h>
| #endif
| #ifdef HAVE_STDINT_H
| # include <stdint.h>
| #endif
| #ifdef HAVE_UNISTD_H
| # include <unistd.h>
| #endif
| 
| #include <dld.h>
configure:11795: result: no
configure:11795: checking for mach-o/dyld.h
configure:11795: gcc -c -g -O2  conftest.c >&5
conftest.c:65:25: error: mach-o/dyld.h: No such file or directory
configure:11795: $? = 1
configure: failed program was:
| /* confdefs.h */
| #define PACKAGE_NAME "Hello module for TinyMUSH 3.3"
| #define PACKAGE_TARNAME "hello-module-for-tinymush-3-3"
| #define PACKAGE_VERSION "1.1.0.0"
| #define PACKAGE_STRING "Hello module for TinyMUSH 3.3 1.1.0.0"
| #define PACKAGE_BUGREPORT "tinymush-support@list.sourceforge.net"
| #define PACKAGE_URL ""
| #define STDC_HEADERS 1
| #define HAVE_SYS_TYPES_H 1
| #define HAVE_SYS_STAT_H 1
| #define HAVE_STDLIB_H 1
| #define HAVE_STRING_H 1
| #define HAVE_MEMORY_H 1
| #define HAVE_STRINGS_H 1
| #define HAVE_INTTYPES_H 1
| #define HAVE_STDINT_H 1
| #define HAVE_UNISTD_H 1
| #define HAVE_DLFCN_H 1
| #define LT_OBJDIR ".libs/"
| #define LT_MODULE_EXT ".so"
| #define LT_MODULE_PATH_VAR "LD_LIBRARY_PATH"
| #define LT_DLSEARCH_PATH "/lib:/usr/lib"
| #define HAVE_LIBDL 1
| #define HAVE_DLERROR 1
| #define HAVE_LIBDLLOADER 1
| #define error_t int
| #define __error_t_defined 1
| #define HAVE_PRELOADED_SYMBOLS 1
| #define HAVE_UNISTD_H 1
| /* end confdefs.h.  */
| #include <stdio.h>
| #ifdef HAVE_SYS_TYPES_H
| # include <sys/types.h>
| #endif
| #ifdef HAVE_SYS_STAT_H
| # include <sys/stat.h>
| #endif
| #ifdef STDC_HEADERS
| # include <stdlib.h>
| # include <stddef.h>
| #else
| # ifdef HAVE_STDLIB_H
| #  include <stdlib.h>
| # endif
| #endif
| #ifdef HAVE_STRING_H
| # if !defined STDC_HEADERS && defined HAVE_MEMORY_H
| #  include <memory.h>
| # endif
| # include <string.h>
| #endif
| #ifdef HAVE_STRINGS_H
| # include <strings.h>
| #endif
| #ifdef HAVE_INTTYPES_H
| # include <inttypes.h>
| #endif
| #ifdef HAVE_STDINT_H
| # include <stdint.h>
| #endif
| #ifdef HAVE_UNISTD_H
| # include <unistd.h>
| #endif
| 
| #include <mach-o/dyld.h>
configure:11795: result: no
configure:11795: checking for dirent.h
configure:11795: gcc -c -g -O2  conftest.c >&5
configure:11795: $? = 0
configure:11795: result: yes
configure:11810: checking for closedir
configure:11810: gcc -o conftest -g -O2   conftest.c  >&5
configure:11810: $? = 0
configure:11810: result: yes
configure:11810: checking for opendir
configure:11810: gcc -o conftest -g -O2   conftest.c  >&5
configure:11810: $? = 0
configure:11810: result: yes
configure:11810: checking for readdir
configure:11810: gcc -o conftest -g -O2   conftest.c  >&5
configure:11810: $? = 0
configure:11810: result: yes
configure:11827: checking for strlcat
configure:11827: gcc -o conftest -g -O2   conftest.c  >&5
configure:11827: $? = 0
configure:11827: result: yes
configure:11827: checking for strlcpy
configure:11827: gcc -o conftest -g -O2   conftest.c  >&5
configure:11827: $? = 0
configure:11827: result: yes
configure:11885: checking for a BSD-compatible install
configure:11953: result: /usr/bin/install -c
configure:11964: checking whether build environment is sane
configure:12019: result: yes
configure:12170: checking for a thread-safe mkdir -p
configure:12209: result: libltdl/config/install-sh -c -d
configure:12212: checking whether make sets $(MAKE)
configure:12234: result: yes
configure:12264: checking for style of include used by make
configure:12292: result: GNU
configure:12384: checking dependency style of gcc
configure:12495: result: gcc3
configure:12564: checking for gcc
configure:12591: result: gcc
configure:12820: checking for C compiler version
configure:12829: gcc --version >&5
gcc (GCC) 4.2.1 20070831 patched [FreeBSD]
Copyright (C) 2007 Free Software Foundation, Inc.
This is free software; see the source for copying conditions.  There is NO
warranty; not even for MERCHANTABILITY or FITNESS FOR A PARTICULAR PURPOSE.

configure:12840: $? = 0
configure:12829: gcc -v >&5
Using built-in specs.
Target: amd64-undermydesk-freebsd
Configured with: FreeBSD/amd64 system compiler
Thread model: posix
gcc version 4.2.1 20070831 patched [FreeBSD]
configure:12840: $? = 0
configure:12829: gcc -V >&5
gcc: '-V' option must have argument
configure:12840: $? = 1
configure:12829: gcc -qversion >&5
gcc: unrecognized option '-qversion'
gcc: No input files specified
configure:12840: $? = 1
configure:12844: checking whether we are using the GNU C compiler
configure:12872: result: yes
configure:12881: checking whether gcc accepts -g
configure:12942: result: yes
configure:12959: checking for gcc option to accept ISO C89
configure:13035: result: none needed
configure:13060: checking for include path needed to find tinymushapi.h
configure:13068: result: -I../../
configure:13078: checking for stdlib.h
configure:13078: result: yes
configure:13078: checking stdio.h usability
configure:13078: gcc -c -g -O2 -I./libltdl/ -I../../  -I./libltdl/ -I../../ conftest.c >&5
configure:13078: $? = 0
configure:13078: result: yes
configure:13078: checking stdio.h presence
configure:13078: gcc -E  -I./libltdl/ -I../../ conftest.c
configure:13078: $? = 0
configure:13078: result: yes
configure:13078: checking for stdio.h
configure:13078: result: yes
configure:13078: checking limits.h usability
configure:13078: gcc -c -g -O2 -I./libltdl/ -I../../  -I./libltdl/ -I../../ conftest.c >&5
configure:13078: $? = 0
configure:13078: result: yes
configure:13078: checking limits.h presence
configure:13078: gcc -E  -I./libltdl/ -I../../ conftest.c
configure:13078: $? = 0
configure:13078: result: yes
configure:13078: checking for limits.h
configure:13078: result: yes
configure:13078: checking for string.h
configure:13078: result: yes
configure:13078: checking for memory.h
configure:13078: result: yes
configure:13078: checking for unistd.h
configure:13078: result: yes
configure:13078: checking time.h usability
configure:13078: gcc -c -g -O2 -I./libltdl/ -I../../  -I./libltdl/ -I../../ conftest.c >&5
configure:13078: $? = 0
configure:13078: result: yes
configure:13078: checking time.h presence
configure:13078: gcc -E  -I./libltdl/ -I../../ conftest.c
configure:13078: $? = 0
configure:13078: result: yes
configure:13078: checking for time.h
configure:13078: result: yes
configure:13078: checking for ltdl.h
configure:13078: result: no
configure:13078: checking sys/socket.h usability
configure:13078: gcc -c -g -O2 -I./libltdl/ -I../../  -I./libltdl/ -I../../ conftest.c >&5
configure:13078: $? = 0
configure:13078: result: yes
configure:13078: checking sys/socket.h presence
configure:13078: gcc -E  -I./libltdl/ -I../../ conftest.c
configure:13078: $? = 0
configure:13078: result: yes
configure:13078: checking for sys/socket.h
configure:13078: result: yes
configure:13078: checking netinet/in.h usability
configure:13078: gcc -c -g -O2 -I./libltdl/ -I../../  -I./libltdl/ -I../../ conftest.c >&5
configure:13078: $? = 0
configure:13078: result: yes
configure:13078: checking netinet/in.h presence
configure:13078: gcc -E  -I./libltdl/ -I../../ conftest.c
configure:13078: $? = 0
configure:13078: result: yes
configure:13078: checking for netinet/in.h
configure:13078: result: yes
configure:13089: checking tinymushapi.h usability
configure:13089: gcc -c -g -O2 -I./libltdl/ -I../../  -I./libltdl/ -I../../ conftest.c >&5
configure:13089: $? = 0
configure:13089: result: yes
configure:13089: checking tinymushapi.h presence
configure:13089: gcc -E  -I./libltdl/ -I../../ conftest.c
configure:13089: $? = 0
configure:13089: result: yes
configure:13089: checking for tinymushapi.h
configure:13089: result: yes
configure:13091: result: yes
configure:13241: checking that generated files are newer than configure
configure:13247: result: done
configure:13270: creating ./config.status

## ---------------------- ##
## Running config.status. ##
## ---------------------- ##

This file was extended by Hello module for TinyMUSH 3.3 config.status 1.1.0.0, which was
generated by GNU Autoconf 2.69.  Invocation command line was

  CONFIG_FILES    = 
  CONFIG_HEADERS  = 
  CONFIG_LINKS    = 
  CONFIG_COMMANDS = 
  $ ./config.status 

on studio.home.beaupre.biz

config.status:1123: creating Makefile
config.status:1123: creating config.h
config.status:1352: executing libtool commands
config.status:1352: executing depfiles commands
configure:15560: === configuring in libltdl (/home/tuh/tinymush-code/src/modules/hello/libltdl)
configure:15623: running /bin/sh ./configure --disable-option-checking '--prefix=/usr/local'  '--with-api-include=../../' '--enable-ltdl-convenience' --cache-file=/dev/null --srcdir=.

## ---------------- ##
## Cache variables. ##
## ---------------- ##

ac_cv_build=amd64-unknown-freebsd9.1
ac_cv_c_compiler_gnu=yes
ac_cv_env_CC_set=''
ac_cv_env_CC_value=''
ac_cv_env_CFLAGS_set=''
ac_cv_env_CFLAGS_value=''
ac_cv_env_CPPFLAGS_set=''
ac_cv_env_CPPFLAGS_value=''
ac_cv_env_CPP_set=''
ac_cv_env_CPP_value=''
ac_cv_env_LDFLAGS_set=''
ac_cv_env_LDFLAGS_value=''
ac_cv_env_LIBS_set=''
ac_cv_env_LIBS_value=''
ac_cv_env_build_alias_set=''
ac_cv_env_build_alias_value=''
ac_cv_env_host_alias_set=''
ac_cv_env_host_alias_value=''
ac_cv_env_target_alias_set=''
ac_cv_env_target_alias_value=''
ac_cv_func_argz_add=no
ac_cv_func_argz_append=no
ac_cv_func_argz_count=no
ac_cv_func_argz_create_sep=no
ac_cv_func_argz_insert=no
ac_cv_func_argz_next=no
ac_cv_func_argz_stringify=no
ac_cv_func_closedir=yes
ac_cv_func_dlerror=yes
ac_cv_func_dlopen=yes
ac_cv_func_opendir=yes
ac_cv_func_readdir=yes
ac_cv_func_shl_load=no
ac_cv_func_strlcat=yes
ac_cv_func_strlcpy=yes
ac_cv_header_argz_h=no
ac_cv_header_dirent_h=yes
ac_cv_header_dl_h=no
ac_cv_header_dld_h=no
ac_cv_header_dlfcn_h=yes
ac_cv_header_inttypes_h=yes
ac_cv_header_limits_h=yes
ac_cv_header_ltdl_h=no
ac_cv_header_mach_o_dyld_h=no
ac_cv_header_memory_h=yes
ac_cv_header_netinet_in_h=yes
ac_cv_header_stdc=yes
ac_cv_header_stdint_h=yes
ac_cv_header_stdio_h=yes
ac_cv_header_stdlib_h=yes
ac_cv_header_string_h=yes
ac_cv_header_strings_h=yes
ac_cv_header_sys_dl_h=no
ac_cv_header_sys_socket_h=yes
ac_cv_header_sys_stat_h=yes
ac_cv_header_sys_types_h=yes
ac_cv_header_time_h=yes
ac_cv_header_tinymushapi_h=yes
ac_cv_header_unistd_h=yes
ac_cv_host=amd64-unknown-freebsd9.1
ac_cv_lib_dld_dld_link=no
ac_cv_lib_dld_shl_load=no
ac_cv_objext=o
ac_cv_path_EGREP='/usr/bin/grep -E'
ac_cv_path_FGREP='/usr/bin/grep -F'
ac_cv_path_GREP=/usr/bin/grep
ac_cv_path_SED=/usr/bin/sed
ac_cv_path_install='/usr/bin/install -c'
ac_cv_prog_AWK=gawk
ac_cv_prog_CPP='gcc -E'
ac_cv_prog_ac_ct_AR=ar
ac_cv_prog_ac_ct_CC=gcc
ac_cv_prog_ac_ct_MANIFEST_TOOL=mt
ac_cv_prog_ac_ct_OBJDUMP=objdump
ac_cv_prog_ac_ct_RANLIB=ranlib
ac_cv_prog_ac_ct_STRIP=strip
ac_cv_prog_cc_c89=''
ac_cv_prog_cc_g=yes
ac_cv_prog_make_make_set=yes
ac_cv_search_dlopen='none required'
ac_cv_type_error_t=no
am_cv_CC_dependencies_compiler_type=gcc3
libltdl_cv_lib_dl_dlopen=yes
libltdl_cv_preloaded_symbols=yes
libltdl_cv_shlibext=.so
libltdl_cv_shrext=.so
lt_cv_ar_at_file=no
lt_cv_archive_cmds_need_lc=no
lt_cv_deplibs_check_method=pass_all
lt_cv_dlopen=dlopen
lt_cv_dlopen_libs=''
lt_cv_dlopen_self=yes
lt_cv_dlopen_self_static=no
lt_cv_file_magic_cmd='$MAGIC_CMD'
lt_cv_file_magic_test_file=''
lt_cv_ld_reload_flag=-r
lt_cv_module_path_var=LD_LIBRARY_PATH
lt_cv_nm_interface='BSD nm'
lt_cv_objdir=.libs
lt_cv_path_LD=/usr/bin/ld
lt_cv_path_NM='/usr/bin/nm -B'
lt_cv_path_mainfest_tool=no
lt_cv_prog_compiler_c_o=yes
lt_cv_prog_compiler_pic='-fPIC -DPIC'
lt_cv_prog_compiler_pic_works=yes
lt_cv_prog_compiler_rtti_exceptions=no
lt_cv_prog_compiler_static_works=yes
lt_cv_prog_gnu_ld=yes
lt_cv_sharedlib_from_linklib_cmd='printf %s\n'
lt_cv_sys_dlopen_deplibs=yes
lt_cv_sys_dlsearch_path='/lib /usr/lib'
lt_cv_sys_global_symbol_pipe='sed -n -e '\''s/^.*[	 ]\([ABCDGIRSTW][ABCDGIRSTW]*\)[	 ][	 ]*\([_A-Za-z][_A-Za-z0-9]*\)$/\1 \2 \2/p'\'' | sed '\''/ __gnu_lto/d'\'
lt_cv_sys_global_symbol_to_c_name_address='sed -n -e '\''s/^: \([^ ]*\)[ ]*$/  {\"\1\", (void *) 0},/p'\'' -e '\''s/^[ABCDGIRSTW]* \([^ ]*\) \([^ ]*\)$/  {"\2", (void *) \&\2},/p'\'
lt_cv_sys_global_symbol_to_c_name_address_lib_prefix='sed -n -e '\''s/^: \([^ ]*\)[ ]*$/  {\"\1\", (void *) 0},/p'\'' -e '\''s/^[ABCDGIRSTW]* \([^ ]*\) \(lib[^ ]*\)$/  {"\2", (void *) \&\2},/p'\'' -e '\''s/^[ABCDGIRSTW]* \([^ ]*\) \([^ ]*\)$/  {"lib\2", (void *) \&\2},/p'\'
lt_cv_sys_global_symbol_to_cdecl='sed -n -e '\''s/^T .* \(.*\)$/extern int \1();/p'\'' -e '\''s/^[ABCDGIRSTW]* .* \(.*\)$/extern char \1;/p'\'
lt_cv_sys_max_cmd_len=196608
lt_cv_sys_symbol_underscore=no
lt_cv_to_host_file_cmd=func_convert_file_noop
lt_cv_to_tool_file_cmd=func_convert_file_noop

## ----------------- ##
## Output variables. ##
## ----------------- ##

ACLOCAL='${SHELL} /home/tuh/tinymush-code/src/modules/hello/libltdl/config/missing --run aclocal-1.12'
AMDEPBACKSLASH='\'
AMDEP_FALSE='#'
AMDEP_TRUE=''
AMTAR='$${TAR-tar}'
API_CFLAG='-I../../'
AR='ar'
ARGZ_H='argz.h'
AUTOCONF='${SHELL} /home/tuh/tinymush-code/src/modules/hello/libltdl/config/missing --run autoconf'
AUTOHEADER='${SHELL} /home/tuh/tinymush-code/src/modules/hello/libltdl/config/missing --run autoheader'
AUTOMAKE='${SHELL} /home/tuh/tinymush-code/src/modules/hello/libltdl/config/missing --run automake-1.12'
AWK='gawk'
CC='gcc'
CCDEPMODE='depmode=gcc3'
CFLAGS='-g -O2'
CONVENIENCE_LTDL_FALSE='#'
CONVENIENCE_LTDL_TRUE=''
CPP='gcc -E'
CPPFLAGS=''
CYGPATH_W='echo'
DEFS='-DHAVE_CONFIG_H'
DEPDIR='.deps'
DLLTOOL='false'
DSYMUTIL=''
DUMPBIN=''
ECHO_C=''
ECHO_N='-n'
ECHO_T=''
EGREP='/usr/bin/grep -E'
EXEEXT=''
FGREP='/usr/bin/grep -F'
GREP='/usr/bin/grep'
INCLTDL='-I${top_srcdir}/libltdl'
INSTALL_DATA='${INSTALL} -m 644'
INSTALL_LTDL_FALSE=''
INSTALL_LTDL_TRUE='#'
INSTALL_PROGRAM='${INSTALL}'
INSTALL_SCRIPT='${INSTALL}'
INSTALL_STRIP_PROGRAM='$(install_sh) -c -s'
LD='/usr/bin/ld'
LDFLAGS=''
LIBADD_DL=' '
LIBADD_DLD_LINK=''
LIBADD_DLOPEN=''
LIBADD_SHL_LOAD=''
LIBLTDL='${top_build_prefix}libltdl/libltdlc.la'
LIBOBJS=''
LIBS=''
LIBTOOL='$(SHELL) $(top_builddir)/libtool'
LIBTOOL_DEPS='libltdl/config/ltmain.sh'
LIPO=''
LN_S='ln -s'
LTDLDEPS='${top_build_prefix}libltdl/libltdlc.la'
LTDLINCL='-I${top_srcdir}/libltdl'
LTDLOPEN='libltdl'
LTLIBOBJS=''
LT_CONFIG_H='config.h'
LT_DLLOADERS=' libltdl/dlopen.la'
LT_DLPREOPEN='-dlpreopen libltdl/dlopen.la '
MAKEINFO='${SHELL} /home/tuh/tinymush-code/src/modules/hello/libltdl/config/missing --run makeinfo'
MANIFEST_TOOL=':'
MKDIR_P='libltdl/config/install-sh -c -d'
NM='/usr/bin/nm -B'
NMEDIT=''
OBJDUMP='objdump'
OBJEXT='o'
OTOOL64=''
OTOOL=''
PACKAGE='hello-module-for-tinymush-3-3'
PACKAGE_BUGREPORT='tinymush-support@list.sourceforge.net'
PACKAGE_NAME='Hello module for TinyMUSH 3.3'
PACKAGE_STRING='Hello module for TinyMUSH 3.3 1.1.0.0'
PACKAGE_TARNAME='hello-module-for-tinymush-3-3'
PACKAGE_URL=''
PACKAGE_VERSION='1.1.0.0'
PATH_SEPARATOR=':'
RANLIB='ranlib'
SED='/usr/bin/sed'
SET_MAKE=''
SHELL='/bin/sh'
STRIP='strip'
VERSION='1.1.0.0'
ac_ct_AR='ar'
ac_ct_CC='gcc'
ac_ct_DUMPBIN=''
am__EXEEXT_FALSE=''
am__EXEEXT_TRUE='#'
am__fastdepCC_FALSE='#'
am__fastdepCC_TRUE=''
am__include='include'
am__isrc=''
am__leading_dot='.'
am__nodep='_no'
am__quote=''
am__tar='$${TAR-tar} chof - "$$tardir"'
am__untar='$${TAR-tar} xf -'
bindir='${exec_prefix}/bin'
build='amd64-unknown-freebsd9.1'
build_alias=''
build_cpu='amd64'
build_os='freebsd9.1'
build_vendor='unknown'
datadir='${datarootdir}'
datarootdir='${prefix}/share'
docdir='${datarootdir}/doc/${PACKAGE_TARNAME}'
dvidir='${docdir}'
exec_prefix='${prefix}'
host='amd64-unknown-freebsd9.1'
host_alias=''
host_cpu='amd64'
host_os='freebsd9.1'
host_vendor='unknown'
htmldir='${docdir}'
includedir='${prefix}/include'
infodir='${datarootdir}/info'
install_sh='${SHELL} /home/tuh/tinymush-code/src/modules/hello/libltdl/config/install-sh'
libdir='${exec_prefix}/lib'
libexecdir='${exec_prefix}/libexec'
localedir='${datarootdir}/locale'
localstatedir='${prefix}/var'
ltdl_LIBOBJS=' argz.o'
ltdl_LTLIBOBJS=' argz.lo'
mandir='${datarootdir}/man'
mkdir_p='$(MKDIR_P)'
oldincludedir='/usr/include'
pdfdir='${docdir}'
prefix='/usr/local'
program_transform_name='s,x,x,'
psdir='${docdir}'
sbindir='${exec_prefix}/sbin'
sharedstatedir='${prefix}/com'
subdirs=' libltdl'
sys_symbol_underscore='no'
sysconfdir='${prefix}/etc'
target_alias=''

## ----------- ##
## confdefs.h. ##
## ----------- ##

/* confdefs.h */
#define PACKAGE_NAME "Hello module for TinyMUSH 3.3"
#define PACKAGE_TARNAME "hello-module-for-tinymush-3-3"
#define PACKAGE_VERSION "1.1.0.0"
#define PACKAGE_STRING "Hello module for TinyMUSH 3.3 1.1.0.0"
#define PACKAGE_BUGREPORT "tinymush-support@list.sourceforge.net"
#define PACKAGE_URL ""
#define STDC_HEADERS 1
#define HAVE_SYS_TYPES_H 1
#define HAVE_SYS_STAT_H 1
#define HAVE_STDLIB_H 1
#define HAVE_STRING_H 1
#define HAVE_MEMORY_H 1
#define HAVE_STRINGS_H 1
#define HAVE_INTTYPES_H 1
#define HAVE_STDINT_H 1
#define HAVE_UNISTD_H 1
#define HAVE_DLFCN_H 1
#define LT_OBJDIR ".libs/"
#define LT_MODULE_EXT ".so"
#define LT_MODULE_PATH_VAR "LD_LIBRARY_PATH"
#define LT_DLSEARCH_PATH "/lib:/usr/lib"
#define HAVE_LIBDL 1
#define HAVE_DLERROR 1
#define HAVE_LIBDLLOADER 1
#define error_t int
#define __error_t_defined 1
#define HAVE_PRELOADED_SYMBOLS 1
#define HAVE_UNISTD_H 1
#define HAVE_DIRENT_H 1
#define HAVE_CLOSEDIR 1
#define HAVE_OPENDIR 1
#define HAVE_READDIR 1
#define HAVE_STRLCAT 1
#define HAVE_STRLCPY 1
#define LT_LIBEXT "a"
#define LT_LIBPREFIX "lib"
#define PACKAGE "hello-module-for-tinymush-3-3"
#define VERSION "1.1.0.0"
#define HAVE_STDLIB_H 1
#define HAVE_STDIO_H 1
#define HAVE_LIMITS_H 1
#define HAVE_STRING_H 1
#define HAVE_MEMORY_H 1
#define HAVE_UNISTD_H 1
#define HAVE_TIME_H 1
#define HAVE_SYS_SOCKET_H 1
#define HAVE_NETINET_IN_H 1

configure: exit 0
