autoscan-2.69: warning: missing AC_CHECK_HEADERS([OS.h]) wanted by: 
	lib/stdbool.in.h:64
	lib/unistd.in.h:834
autoscan-2.69: warning: missing AC_CHECK_HEADERS([float.h]) wanted by: 
	lib/strtod.c:23
autoscan-2.69: warning: missing AC_FUNC_LSTAT_FOLLOWS_SLASHED_SYMLINK wanted by: 
	dbm/qdbm/curia.c:138
	dbm/qdbm/curia.c:498
	dbm/qdbm/curia.c:533
	dbm/qdbm/curia.c:541
	dbm/qdbm/curia.c:557
	dbm/qdbm/curia.c:574
	dbm/qdbm/curia.c:668
	dbm/qdbm/curia.c:732
	dbm/qdbm/curia.c:773
	dbm/qdbm/curia.c:857
	dbm/qdbm/curia.c:1079
	dbm/qdbm/depot.c:192
	dbm/qdbm/depot.c:1037
	dbm/qdbm/depot.c:1057
	dbm/qdbm/hovel.c:202
	dbm/qdbm/myconf.h:230
	lib/lstat.c:41
autoscan-2.69: warning: missing AC_FUNC_MALLOC wanted by: 
	alloc.c:590
	alloc.h:77
	alloc.h:80
	alloc.h:84
	alloc.h:89
	alloc.h:94
	bitstring.h:42
	mkindx.c:70
	mkindx.c:110
	pcre.c:7114
	recover.c:154
	recover.c:156
	strdup.c:12
	dbm/gdbm/gdbmbucket.c:168
	dbm/gdbm/gdbmfalloc.c:234
	dbm/gdbm/gdbmfalloc.c:313
	dbm/gdbm/gdbmfetch.c:36
	dbm/gdbm/gdbmfetch.c:38
	dbm/gdbm/gdbmfindkey.c:38
	dbm/gdbm/gdbmfindkey.c:40
	dbm/gdbm/gdbmopen.c:51
	dbm/gdbm/gdbmopen.c:68
	dbm/gdbm/gdbmopen.c:172
	dbm/gdbm/gdbmopen.c:197
	dbm/gdbm/gdbmopen.c:210
	dbm/gdbm/gdbmopen.c:282
	dbm/gdbm/gdbmopen.c:297
	dbm/gdbm/gdbmopen.c:345
	dbm/gdbm/gdbmopen.c:354
	dbm/gdbm/gdbmreorg.c:66
	dbm/gdbm/gdbmseq.c:59
	dbm/gdbm/gdbmseq.c:61
	dbm/qdbm/curia.c:144
	dbm/qdbm/curia.c:160
	dbm/qdbm/curia.c:604
	dbm/qdbm/curia.c:615
	dbm/qdbm/curia.c:815
	dbm/qdbm/curia.c:954
	dbm/qdbm/curia.c:996
	dbm/qdbm/curia.c:1094
	dbm/qdbm/depot.c:226
	dbm/qdbm/depot.c:269
	dbm/qdbm/depot.c:270
	dbm/qdbm/depot.c:399
	dbm/qdbm/depot.c:553
	dbm/qdbm/depot.c:673
	dbm/qdbm/depot.c:783
	dbm/qdbm/depot.c:815
	dbm/qdbm/depot.c:822
	dbm/qdbm/depot.c:1074
	dbm/qdbm/depot.c:1096
	dbm/qdbm/depot.c:1097
	dbm/qdbm/depot.c:1152
	dbm/qdbm/depot.c:1243
	dbm/qdbm/depot.c:1331
	dbm/qdbm/depot.c:1352
	dbm/qdbm/depot.c:1541
	dbm/qdbm/depot.c:1825
	dbm/qdbm/depot.c:1855
	dbm/qdbm/depot.c:2083
	dbm/qdbm/hovel.c:119
	dbm/qdbm/hovel.c:240
	dbm/qdbm/myconf.c:79
	dbm/qdbm/myconf.c:103
	dbm/qdbm/myconf.c:230
	dbm/qdbm/myconf.c:425
	dbm/qdbm/myconf.c:565
	dbm/qdbm/myconf.c:636
	dbm/qdbm/myconf.c:734
	dbm/qdbm/myconf.c:756
	dbm/qdbm/myconf.c:817
	dbm/qdbm/myconf.c:876
	dbm/qdbm/myconf.c:972
	lib/malloc.c:48
	lib/realloc.c:68
autoscan-2.69: warning: missing AC_FUNC_REALLOC wanted by: 
	alloc.c:619
	dbm/qdbm/depot.c:410
	dbm/qdbm/depot.c:726
	dbm/qdbm/myconf.c:578
	dbm/qdbm/myconf.c:598
	dbm/qdbm/myconf.c:649
	dbm/qdbm/myconf.c:669
	dbm/qdbm/myconf.c:830
	dbm/qdbm/myconf.c:850
	dbm/qdbm/myconf.c:889
	dbm/qdbm/myconf.c:909
	lib/realloc.c:71
autoscan-2.69: warning: missing AC_FUNC_STRTOD wanted by: 
	dbm/qdbm/myconf.c:481
	dbm/qdbm/myconf.c:484
	lib/strtod.c:211
	lib/strtod.c:358
autoscan-2.69: warning: missing AC_TYPE_INT32_T wanted by: 
	lib/stdlib.in.h:76
	lib/stdlib.in.h:77
	lib/stdlib.in.h:78
	lib/stdlib.in.h:82
	lib/stdlib.in.h:589
	lib/stdlib.in.h:591
	lib/stdlib.in.h:594
	lib/stdlib.in.h:597
autoscan-2.69: warning: missing AC_TYPE_SSIZE_T wanted by: 
	lib/unistd.in.h:1154
	lib/unistd.in.h:1157
	lib/unistd.in.h:1161
	lib/unistd.in.h:1165
	lib/unistd.in.h:1189
	lib/unistd.in.h:1192
	lib/unistd.in.h:1196
	lib/unistd.in.h:1200
	lib/unistd.in.h:1222
	lib/unistd.in.h:1224
	lib/unistd.in.h:1229
	lib/unistd.in.h:1245
	lib/unistd.in.h:1248
	lib/unistd.in.h:1252
	lib/unistd.in.h:1256
	lib/unistd.in.h:1271
	lib/unistd.in.h:1275
	lib/unistd.in.h:1521
	lib/unistd.in.h:1523
	lib/unistd.in.h:1528
autoscan-2.69: warning: missing AC_TYPE_UID_T wanted by: 
	lib/unistd.in.h:266
	lib/unistd.in.h:268
	lib/unistd.in.h:271
	lib/unistd.in.h:274
	lib/unistd.in.h:500
	lib/unistd.in.h:503
	lib/unistd.in.h:507
	lib/unistd.in.h:511
	lib/unistd.in.h:685
	lib/unistd.in.h:686
	lib/unistd.in.h:689
	lib/unistd.in.h:691
	lib/unistd.in.h:941
	lib/unistd.in.h:943
	lib/unistd.in.h:986
	lib/unistd.in.h:988
	lib/unistd.in.h:991
	lib/unistd.in.h:994
	lib/unistd.in.h:266
	lib/unistd.in.h:268
	lib/unistd.in.h:271
	lib/unistd.in.h:274
	lib/unistd.in.h:500
	lib/unistd.in.h:503
	lib/unistd.in.h:507
	lib/unistd.in.h:511
	lib/unistd.in.h:986
	lib/unistd.in.h:988
	lib/unistd.in.h:991
	lib/unistd.in.h:994
